2025-05-22 19:34:29 DEBUG PackageRelationshipCollection.parseRelationshipsPart - [PackageRelationshipCollection] Parsing relationship: /xl/_rels/workbook.xml.rels
2025-05-22 19:34:29 DEBUG PackageRelationshipCollection.parseRelationshipsPart - [PackageRelationshipCollection] Parsing relationship: /xl/worksheets/_rels/sheet1.xml.rels
2025-05-22 19:34:29 DEBUG PackageRelationshipCollection.parseRelationshipsPart - [PackageRelationshipCollection] Parsing relationship: /_rels/.rels
2025-05-22 19:34:30 DEBUG PackageRelationshipCollection.parseRelationshipsPart - [PackageRelationshipCollection] Parsing relationship: /xl/_rels/workbook.xml.rels
2025-05-22 19:34:30 DEBUG PackageRelationshipCollection.parseRelationshipsPart - [PackageRelationshipCollection] Parsing relationship: /xl/worksheets/_rels/sheet1.xml.rels
2025-05-22 19:34:30 DEBUG PackageRelationshipCollection.parseRelationshipsPart - [PackageRelationshipCollection] Parsing relationship: /_rels/.rels
2025-05-22 19:34:30 DEBUG PackageRelationshipCollection.parseRelationshipsPart - [PackageRelationshipCollection] Parsing relationship: /xl/_rels/workbook.xml.rels
2025-05-22 19:34:30 DEBUG PackageRelationshipCollection.parseRelationshipsPart - [PackageRelationshipCollection] Parsing relationship: /xl/worksheets/_rels/sheet1.xml.rels
2025-05-22 19:34:30 DEBUG PackageRelationshipCollection.parseRelationshipsPart - [PackageRelationshipCollection] Parsing relationship: /_rels/.rels
2025-05-22 19:34:30 DEBUG PackageRelationshipCollection.parseRelationshipsPart - [PackageRelationshipCollection] Parsing relationship: /xl/_rels/workbook.xml.rels
2025-05-22 19:34:30 DEBUG PackageRelationshipCollection.parseRelationshipsPart - [PackageRelationshipCollection] Parsing relationship: /xl/worksheets/_rels/sheet1.xml.rels
2025-05-22 19:34:30 DEBUG PackageRelationshipCollection.parseRelationshipsPart - [PackageRelationshipCollection] Parsing relationship: /_rels/.rels
2025-05-22 19:34:30 DEBUG PackageRelationshipCollection.parseRelationshipsPart - [PackageRelationshipCollection] Parsing relationship: /xl/_rels/workbook.xml.rels
2025-05-22 19:34:30 DEBUG PackageRelationshipCollection.parseRelationshipsPart - [PackageRelationshipCollection] Parsing relationship: /xl/worksheets/_rels/sheet1.xml.rels
2025-05-22 19:34:30 DEBUG PackageRelationshipCollection.parseRelationshipsPart - [PackageRelationshipCollection] Parsing relationship: /_rels/.rels
2025-05-22 19:34:30 DEBUG PackageRelationshipCollection.parseRelationshipsPart - [PackageRelationshipCollection] Parsing relationship: /xl/_rels/workbook.xml.rels
2025-05-22 19:34:30 DEBUG PackageRelationshipCollection.parseRelationshipsPart - [PackageRelationshipCollection] Parsing relationship: /xl/worksheets/_rels/sheet1.xml.rels
2025-05-22 19:34:30 DEBUG PackageRelationshipCollection.parseRelationshipsPart - [PackageRelationshipCollection] Parsing relationship: /_rels/.rels
2025-05-22 19:34:30 DEBUG PackageRelationshipCollection.parseRelationshipsPart - [PackageRelationshipCollection] Parsing relationship: /xl/_rels/workbook.xml.rels
2025-05-22 19:34:30 DEBUG PackageRelationshipCollection.parseRelationshipsPart - [PackageRelationshipCollection] Parsing relationship: /xl/worksheets/_rels/sheet1.xml.rels
2025-05-22 19:34:30 DEBUG PackageRelationshipCollection.parseRelationshipsPart - [PackageRelationshipCollection] Parsing relationship: /_rels/.rels
2025-05-22 19:34:30 DEBUG PackageRelationshipCollection.parseRelationshipsPart - [PackageRelationshipCollection] Parsing relationship: /xl/_rels/workbook.xml.rels
2025-05-22 19:34:30 DEBUG PackageRelationshipCollection.parseRelationshipsPart - [PackageRelationshipCollection] Parsing relationship: /xl/worksheets/_rels/sheet1.xml.rels
2025-05-22 19:34:30 DEBUG PackageRelationshipCollection.parseRelationshipsPart - [PackageRelationshipCollection] Parsing relationship: /_rels/.rels
2025-05-22 19:34:30 DEBUG PackageRelationshipCollection.parseRelationshipsPart - [PackageRelationshipCollection] Parsing relationship: /xl/_rels/workbook.xml.rels
2025-05-22 19:34:30 DEBUG PackageRelationshipCollection.parseRelationshipsPart - [PackageRelationshipCollection] Parsing relationship: /xl/worksheets/_rels/sheet1.xml.rels
2025-05-22 19:34:30 DEBUG PackageRelationshipCollection.parseRelationshipsPart - [PackageRelationshipCollection] Parsing relationship: /_rels/.rels
2025-05-22 19:34:30 DEBUG PackageRelationshipCollection.parseRelationshipsPart - [PackageRelationshipCollection] Parsing relationship: /xl/_rels/workbook.xml.rels
2025-05-22 19:34:30 DEBUG PackageRelationshipCollection.parseRelationshipsPart - [PackageRelationshipCollection] Parsing relationship: /xl/worksheets/_rels/sheet1.xml.rels
2025-05-22 19:34:30 DEBUG PackageRelationshipCollection.parseRelationshipsPart - [PackageRelationshipCollection] Parsing relationship: /_rels/.rels
2025-05-22 19:34:30 DEBUG PackageRelationshipCollection.parseRelationshipsPart - [PackageRelationshipCollection] Parsing relationship: /xl/_rels/workbook.xml.rels
2025-05-22 19:34:30 DEBUG PackageRelationshipCollection.parseRelationshipsPart - [PackageRelationshipCollection] Parsing relationship: /xl/worksheets/_rels/sheet1.xml.rels
2025-05-22 19:34:30 DEBUG PackageRelationshipCollection.parseRelationshipsPart - [PackageRelationshipCollection] Parsing relationship: /_rels/.rels
2025-05-22 19:34:30 DEBUG PackageRelationshipCollection.parseRelationshipsPart - [PackageRelationshipCollection] Parsing relationship: /xl/_rels/workbook.xml.rels
2025-05-22 19:34:30 DEBUG PackageRelationshipCollection.parseRelationshipsPart - [PackageRelationshipCollection] Parsing relationship: /xl/worksheets/_rels/sheet1.xml.rels
2025-05-22 19:34:30 DEBUG PackageRelationshipCollection.parseRelationshipsPart - [PackageRelationshipCollection] Parsing relationship: /_rels/.rels
2025-05-22 19:34:30 DEBUG PackageRelationshipCollection.parseRelationshipsPart - [PackageRelationshipCollection] Parsing relationship: /xl/_rels/workbook.xml.rels
2025-05-22 19:34:30 DEBUG PackageRelationshipCollection.parseRelationshipsPart - [PackageRelationshipCollection] Parsing relationship: /xl/worksheets/_rels/sheet1.xml.rels
2025-05-22 19:34:30 DEBUG PackageRelationshipCollection.parseRelationshipsPart - [PackageRelationshipCollection] Parsing relationship: /_rels/.rels
2025-05-22 19:34:30 DEBUG PackageRelationshipCollection.parseRelationshipsPart - [PackageRelationshipCollection] Parsing relationship: /xl/_rels/workbook.xml.rels
2025-05-22 19:34:30 DEBUG PackageRelationshipCollection.parseRelationshipsPart - [PackageRelationshipCollection] Parsing relationship: /xl/worksheets/_rels/sheet1.xml.rels
2025-05-22 19:34:30 DEBUG PackageRelationshipCollection.parseRelationshipsPart - [PackageRelationshipCollection] Parsing relationship: /_rels/.rels
2025-05-22 19:34:30 DEBUG PackageRelationshipCollection.parseRelationshipsPart - [PackageRelationshipCollection] Parsing relationship: /xl/_rels/workbook.xml.rels
2025-05-22 19:34:30 DEBUG PackageRelationshipCollection.parseRelationshipsPart - [PackageRelationshipCollection] Parsing relationship: /xl/worksheets/_rels/sheet1.xml.rels
2025-05-22 19:34:30 DEBUG PackageRelationshipCollection.parseRelationshipsPart - [PackageRelationshipCollection] Parsing relationship: /_rels/.rels
2025-05-22 19:34:30 DEBUG PackageRelationshipCollection.parseRelationshipsPart - [PackageRelationshipCollection] Parsing relationship: /xl/_rels/workbook.xml.rels
2025-05-22 19:34:30 DEBUG PackageRelationshipCollection.parseRelationshipsPart - [PackageRelationshipCollection] Parsing relationship: /xl/worksheets/_rels/sheet1.xml.rels
2025-05-22 19:34:30 DEBUG PackageRelationshipCollection.parseRelationshipsPart - [PackageRelationshipCollection] Parsing relationship: /_rels/.rels
2025-05-22 19:34:30 DEBUG PackageRelationshipCollection.parseRelationshipsPart - [PackageRelationshipCollection] Parsing relationship: /xl/_rels/workbook.xml.rels
2025-05-22 19:34:30 DEBUG PackageRelationshipCollection.parseRelationshipsPart - [PackageRelationshipCollection] Parsing relationship: /xl/worksheets/_rels/sheet1.xml.rels
2025-05-22 19:34:30 DEBUG PackageRelationshipCollection.parseRelationshipsPart - [PackageRelationshipCollection] Parsing relationship: /_rels/.rels
2025-05-22 19:34:30 DEBUG PackageRelationshipCollection.parseRelationshipsPart - [PackageRelationshipCollection] Parsing relationship: /xl/_rels/workbook.xml.rels
2025-05-22 19:34:30 DEBUG PackageRelationshipCollection.parseRelationshipsPart - [PackageRelationshipCollection] Parsing relationship: /xl/worksheets/_rels/sheet1.xml.rels
2025-05-22 19:34:30 DEBUG PackageRelationshipCollection.parseRelationshipsPart - [PackageRelationshipCollection] Parsing relationship: /_rels/.rels
2025-05-22 19:34:30 DEBUG PackageRelationshipCollection.parseRelationshipsPart - [PackageRelationshipCollection] Parsing relationship: /xl/_rels/workbook.xml.rels
2025-05-22 19:34:30 DEBUG PackageRelationshipCollection.parseRelationshipsPart - [PackageRelationshipCollection] Parsing relationship: /xl/worksheets/_rels/sheet1.xml.rels
2025-05-22 19:34:30 DEBUG PackageRelationshipCollection.parseRelationshipsPart - [PackageRelationshipCollection] Parsing relationship: /_rels/.rels
2025-05-22 19:34:30 DEBUG PackageRelationshipCollection.parseRelationshipsPart - [PackageRelationshipCollection] Parsing relationship: /xl/_rels/workbook.xml.rels
2025-05-22 19:34:30 DEBUG PackageRelationshipCollection.parseRelationshipsPart - [PackageRelationshipCollection] Parsing relationship: /xl/worksheets/_rels/sheet1.xml.rels
2025-05-22 19:34:30 DEBUG PackageRelationshipCollection.parseRelationshipsPart - [PackageRelationshipCollection] Parsing relationship: /_rels/.rels
2025-05-22 19:34:30 DEBUG PackageRelationshipCollection.parseRelationshipsPart - [PackageRelationshipCollection] Parsing relationship: /xl/_rels/workbook.xml.rels
2025-05-22 19:34:30 DEBUG PackageRelationshipCollection.parseRelationshipsPart - [PackageRelationshipCollection] Parsing relationship: /xl/worksheets/_rels/sheet1.xml.rels
2025-05-22 19:34:30 DEBUG PackageRelationshipCollection.parseRelationshipsPart - [PackageRelationshipCollection] Parsing relationship: /_rels/.rels
2025-05-22 19:34:30 DEBUG PackageRelationshipCollection.parseRelationshipsPart - [PackageRelationshipCollection] Parsing relationship: /xl/_rels/workbook.xml.rels
2025-05-22 19:34:30 DEBUG PackageRelationshipCollection.parseRelationshipsPart - [PackageRelationshipCollection] Parsing relationship: /xl/worksheets/_rels/sheet1.xml.rels
2025-05-22 19:34:30 DEBUG PackageRelationshipCollection.parseRelationshipsPart - [PackageRelationshipCollection] Parsing relationship: /_rels/.rels
2025-05-22 19:34:30 DEBUG PackageRelationshipCollection.parseRelationshipsPart - [PackageRelationshipCollection] Parsing relationship: /xl/_rels/workbook.xml.rels
2025-05-22 19:34:30 DEBUG PackageRelationshipCollection.parseRelationshipsPart - [PackageRelationshipCollection] Parsing relationship: /xl/worksheets/_rels/sheet1.xml.rels
2025-05-22 19:34:30 DEBUG PackageRelationshipCollection.parseRelationshipsPart - [PackageRelationshipCollection] Parsing relationship: /_rels/.rels
2025-05-22 19:34:56 DEBUG PackageRelationshipCollection.parseRelationshipsPart - [PackageRelationshipCollection] Parsing relationship: /xl/_rels/workbook.xml.rels
2025-05-22 19:34:56 DEBUG PackageRelationshipCollection.parseRelationshipsPart - [PackageRelationshipCollection] Parsing relationship: /xl/worksheets/_rels/sheet1.xml.rels
2025-05-22 19:34:56 DEBUG PackageRelationshipCollection.parseRelationshipsPart - [PackageRelationshipCollection] Parsing relationship: /_rels/.rels
2025-05-22 19:34:56 DEBUG PackageRelationshipCollection.parseRelationshipsPart - [PackageRelationshipCollection] Parsing relationship: /xl/_rels/workbook.xml.rels
2025-05-22 19:34:56 DEBUG PackageRelationshipCollection.parseRelationshipsPart - [PackageRelationshipCollection] Parsing relationship: /xl/worksheets/_rels/sheet1.xml.rels
2025-05-22 19:34:56 DEBUG PackageRelationshipCollection.parseRelationshipsPart - [PackageRelationshipCollection] Parsing relationship: /_rels/.rels
2025-05-22 19:34:56 DEBUG PackageRelationshipCollection.parseRelationshipsPart - [PackageRelationshipCollection] Parsing relationship: /xl/_rels/workbook.xml.rels
2025-05-22 19:34:56 DEBUG PackageRelationshipCollection.parseRelationshipsPart - [PackageRelationshipCollection] Parsing relationship: /xl/worksheets/_rels/sheet1.xml.rels
2025-05-22 19:34:56 DEBUG PackageRelationshipCollection.parseRelationshipsPart - [PackageRelationshipCollection] Parsing relationship: /_rels/.rels
2025-05-22 19:34:56 DEBUG PackageRelationshipCollection.parseRelationshipsPart - [PackageRelationshipCollection] Parsing relationship: /xl/_rels/workbook.xml.rels
2025-05-22 19:34:56 DEBUG PackageRelationshipCollection.parseRelationshipsPart - [PackageRelationshipCollection] Parsing relationship: /xl/worksheets/_rels/sheet1.xml.rels
2025-05-22 19:34:56 DEBUG PackageRelationshipCollection.parseRelationshipsPart - [PackageRelationshipCollection] Parsing relationship: /_rels/.rels
2025-05-22 19:34:56 DEBUG PackageRelationshipCollection.parseRelationshipsPart - [PackageRelationshipCollection] Parsing relationship: /xl/_rels/workbook.xml.rels
2025-05-22 19:34:56 DEBUG PackageRelationshipCollection.parseRelationshipsPart - [PackageRelationshipCollection] Parsing relationship: /xl/worksheets/_rels/sheet1.xml.rels
2025-05-22 19:34:56 DEBUG PackageRelationshipCollection.parseRelationshipsPart - [PackageRelationshipCollection] Parsing relationship: /_rels/.rels
2025-05-22 19:34:56 DEBUG PackageRelationshipCollection.parseRelationshipsPart - [PackageRelationshipCollection] Parsing relationship: /xl/_rels/workbook.xml.rels
2025-05-22 19:34:56 DEBUG PackageRelationshipCollection.parseRelationshipsPart - [PackageRelationshipCollection] Parsing relationship: /xl/worksheets/_rels/sheet1.xml.rels
2025-05-22 19:34:56 DEBUG PackageRelationshipCollection.parseRelationshipsPart - [PackageRelationshipCollection] Parsing relationship: /_rels/.rels
2025-05-22 19:34:56 DEBUG PackageRelationshipCollection.parseRelationshipsPart - [PackageRelationshipCollection] Parsing relationship: /xl/_rels/workbook.xml.rels
2025-05-22 19:34:56 DEBUG PackageRelationshipCollection.parseRelationshipsPart - [PackageRelationshipCollection] Parsing relationship: /xl/worksheets/_rels/sheet1.xml.rels
2025-05-22 19:34:56 DEBUG PackageRelationshipCollection.parseRelationshipsPart - [PackageRelationshipCollection] Parsing relationship: /_rels/.rels
2025-05-22 19:34:56 DEBUG PackageRelationshipCollection.parseRelationshipsPart - [PackageRelationshipCollection] Parsing relationship: /xl/_rels/workbook.xml.rels
2025-05-22 19:34:56 DEBUG PackageRelationshipCollection.parseRelationshipsPart - [PackageRelationshipCollection] Parsing relationship: /xl/worksheets/_rels/sheet1.xml.rels
2025-05-22 19:34:56 DEBUG PackageRelationshipCollection.parseRelationshipsPart - [PackageRelationshipCollection] Parsing relationship: /_rels/.rels
2025-05-22 19:34:56 DEBUG PackageRelationshipCollection.parseRelationshipsPart - [PackageRelationshipCollection] Parsing relationship: /xl/_rels/workbook.xml.rels
2025-05-22 19:34:56 DEBUG PackageRelationshipCollection.parseRelationshipsPart - [PackageRelationshipCollection] Parsing relationship: /xl/worksheets/_rels/sheet1.xml.rels
2025-05-22 19:34:56 DEBUG PackageRelationshipCollection.parseRelationshipsPart - [PackageRelationshipCollection] Parsing relationship: /_rels/.rels
2025-05-22 19:34:56 DEBUG PackageRelationshipCollection.parseRelationshipsPart - [PackageRelationshipCollection] Parsing relationship: /xl/_rels/workbook.xml.rels
2025-05-22 19:34:56 DEBUG PackageRelationshipCollection.parseRelationshipsPart - [PackageRelationshipCollection] Parsing relationship: /xl/worksheets/_rels/sheet1.xml.rels
2025-05-22 19:34:56 DEBUG PackageRelationshipCollection.parseRelationshipsPart - [PackageRelationshipCollection] Parsing relationship: /_rels/.rels
2025-05-22 19:34:56 DEBUG PackageRelationshipCollection.parseRelationshipsPart - [PackageRelationshipCollection] Parsing relationship: /xl/_rels/workbook.xml.rels
2025-05-22 19:34:56 DEBUG PackageRelationshipCollection.parseRelationshipsPart - [PackageRelationshipCollection] Parsing relationship: /xl/worksheets/_rels/sheet1.xml.rels
2025-05-22 19:34:56 DEBUG PackageRelationshipCollection.parseRelationshipsPart - [PackageRelationshipCollection] Parsing relationship: /_rels/.rels
2025-05-22 19:34:56 DEBUG PackageRelationshipCollection.parseRelationshipsPart - [PackageRelationshipCollection] Parsing relationship: /xl/_rels/workbook.xml.rels
2025-05-22 19:34:56 DEBUG PackageRelationshipCollection.parseRelationshipsPart - [PackageRelationshipCollection] Parsing relationship: /xl/worksheets/_rels/sheet1.xml.rels
2025-05-22 19:34:56 DEBUG PackageRelationshipCollection.parseRelationshipsPart - [PackageRelationshipCollection] Parsing relationship: /_rels/.rels
2025-05-22 19:34:56 DEBUG PackageRelationshipCollection.parseRelationshipsPart - [PackageRelationshipCollection] Parsing relationship: /xl/_rels/workbook.xml.rels
2025-05-22 19:34:56 DEBUG PackageRelationshipCollection.parseRelationshipsPart - [PackageRelationshipCollection] Parsing relationship: /xl/worksheets/_rels/sheet1.xml.rels
2025-05-22 19:34:56 DEBUG PackageRelationshipCollection.parseRelationshipsPart - [PackageRelationshipCollection] Parsing relationship: /_rels/.rels
2025-05-22 19:34:56 DEBUG PackageRelationshipCollection.parseRelationshipsPart - [PackageRelationshipCollection] Parsing relationship: /xl/_rels/workbook.xml.rels
2025-05-22 19:34:56 DEBUG PackageRelationshipCollection.parseRelationshipsPart - [PackageRelationshipCollection] Parsing relationship: /xl/worksheets/_rels/sheet1.xml.rels
2025-05-22 19:34:56 DEBUG PackageRelationshipCollection.parseRelationshipsPart - [PackageRelationshipCollection] Parsing relationship: /_rels/.rels
2025-05-22 19:34:56 DEBUG PackageRelationshipCollection.parseRelationshipsPart - [PackageRelationshipCollection] Parsing relationship: /xl/_rels/workbook.xml.rels
2025-05-22 19:34:56 DEBUG PackageRelationshipCollection.parseRelationshipsPart - [PackageRelationshipCollection] Parsing relationship: /xl/worksheets/_rels/sheet1.xml.rels
2025-05-22 19:34:56 DEBUG PackageRelationshipCollection.parseRelationshipsPart - [PackageRelationshipCollection] Parsing relationship: /_rels/.rels
2025-05-22 19:34:56 DEBUG PackageRelationshipCollection.parseRelationshipsPart - [PackageRelationshipCollection] Parsing relationship: /xl/_rels/workbook.xml.rels
2025-05-22 19:34:56 DEBUG PackageRelationshipCollection.parseRelationshipsPart - [PackageRelationshipCollection] Parsing relationship: /xl/worksheets/_rels/sheet1.xml.rels
2025-05-22 19:34:56 DEBUG PackageRelationshipCollection.parseRelationshipsPart - [PackageRelationshipCollection] Parsing relationship: /_rels/.rels
2025-05-22 19:34:56 DEBUG PackageRelationshipCollection.parseRelationshipsPart - [PackageRelationshipCollection] Parsing relationship: /xl/_rels/workbook.xml.rels
2025-05-22 19:34:56 DEBUG PackageRelationshipCollection.parseRelationshipsPart - [PackageRelationshipCollection] Parsing relationship: /xl/worksheets/_rels/sheet1.xml.rels
2025-05-22 19:34:56 DEBUG PackageRelationshipCollection.parseRelationshipsPart - [PackageRelationshipCollection] Parsing relationship: /_rels/.rels
2025-05-22 19:34:56 DEBUG PackageRelationshipCollection.parseRelationshipsPart - [PackageRelationshipCollection] Parsing relationship: /xl/_rels/workbook.xml.rels
2025-05-22 19:34:56 DEBUG PackageRelationshipCollection.parseRelationshipsPart - [PackageRelationshipCollection] Parsing relationship: /xl/worksheets/_rels/sheet1.xml.rels
2025-05-22 19:34:56 DEBUG PackageRelationshipCollection.parseRelationshipsPart - [PackageRelationshipCollection] Parsing relationship: /_rels/.rels
2025-05-22 19:34:56 DEBUG PackageRelationshipCollection.parseRelationshipsPart - [PackageRelationshipCollection] Parsing relationship: /xl/_rels/workbook.xml.rels
2025-05-22 19:34:56 DEBUG PackageRelationshipCollection.parseRelationshipsPart - [PackageRelationshipCollection] Parsing relationship: /xl/worksheets/_rels/sheet1.xml.rels
2025-05-22 19:34:56 DEBUG PackageRelationshipCollection.parseRelationshipsPart - [PackageRelationshipCollection] Parsing relationship: /_rels/.rels
2025-05-22 19:34:56 DEBUG PackageRelationshipCollection.parseRelationshipsPart - [PackageRelationshipCollection] Parsing relationship: /xl/_rels/workbook.xml.rels
2025-05-22 19:34:56 DEBUG PackageRelationshipCollection.parseRelationshipsPart - [PackageRelationshipCollection] Parsing relationship: /xl/worksheets/_rels/sheet1.xml.rels
2025-05-22 19:34:56 DEBUG PackageRelationshipCollection.parseRelationshipsPart - [PackageRelationshipCollection] Parsing relationship: /_rels/.rels
2025-05-22 19:34:56 DEBUG PackageRelationshipCollection.parseRelationshipsPart - [PackageRelationshipCollection] Parsing relationship: /xl/_rels/workbook.xml.rels
2025-05-22 19:34:56 DEBUG PackageRelationshipCollection.parseRelationshipsPart - [PackageRelationshipCollection] Parsing relationship: /xl/worksheets/_rels/sheet1.xml.rels
2025-05-22 19:34:56 DEBUG PackageRelationshipCollection.parseRelationshipsPart - [PackageRelationshipCollection] Parsing relationship: /_rels/.rels
2025-05-22 19:34:56 DEBUG PackageRelationshipCollection.parseRelationshipsPart - [PackageRelationshipCollection] Parsing relationship: /xl/_rels/workbook.xml.rels
2025-05-22 19:34:56 DEBUG PackageRelationshipCollection.parseRelationshipsPart - [PackageRelationshipCollection] Parsing relationship: /xl/worksheets/_rels/sheet1.xml.rels
2025-05-22 19:34:56 DEBUG PackageRelationshipCollection.parseRelationshipsPart - [PackageRelationshipCollection] Parsing relationship: /_rels/.rels
2025-05-22 19:34:56 DEBUG PackageRelationshipCollection.parseRelationshipsPart - [PackageRelationshipCollection] Parsing relationship: /xl/_rels/workbook.xml.rels
2025-05-22 19:34:56 DEBUG PackageRelationshipCollection.parseRelationshipsPart - [PackageRelationshipCollection] Parsing relationship: /xl/worksheets/_rels/sheet1.xml.rels
2025-05-22 19:34:56 DEBUG PackageRelationshipCollection.parseRelationshipsPart - [PackageRelationshipCollection] Parsing relationship: /_rels/.rels
2025-05-22 19:37:17 DEBUG PackageRelationshipCollection.parseRelationshipsPart - [PackageRelationshipCollection] Parsing relationship: /xl/_rels/workbook.xml.rels
2025-05-22 19:37:17 DEBUG PackageRelationshipCollection.parseRelationshipsPart - [PackageRelationshipCollection] Parsing relationship: /xl/worksheets/_rels/sheet1.xml.rels
2025-05-22 19:37:17 DEBUG PackageRelationshipCollection.parseRelationshipsPart - [PackageRelationshipCollection] Parsing relationship: /_rels/.rels
2025-05-22 19:37:17 DEBUG PackageRelationshipCollection.parseRelationshipsPart - [PackageRelationshipCollection] Parsing relationship: /xl/_rels/workbook.xml.rels
2025-05-22 19:37:17 DEBUG PackageRelationshipCollection.parseRelationshipsPart - [PackageRelationshipCollection] Parsing relationship: /xl/worksheets/_rels/sheet1.xml.rels
2025-05-22 19:37:17 DEBUG PackageRelationshipCollection.parseRelationshipsPart - [PackageRelationshipCollection] Parsing relationship: /_rels/.rels
2025-05-22 19:37:17 DEBUG PackageRelationshipCollection.parseRelationshipsPart - [PackageRelationshipCollection] Parsing relationship: /xl/_rels/workbook.xml.rels
2025-05-22 19:37:17 DEBUG PackageRelationshipCollection.parseRelationshipsPart - [PackageRelationshipCollection] Parsing relationship: /xl/worksheets/_rels/sheet1.xml.rels
2025-05-22 19:37:17 DEBUG PackageRelationshipCollection.parseRelationshipsPart - [PackageRelationshipCollection] Parsing relationship: /_rels/.rels
2025-05-22 19:37:17 DEBUG PackageRelationshipCollection.parseRelationshipsPart - [PackageRelationshipCollection] Parsing relationship: /xl/_rels/workbook.xml.rels
2025-05-22 19:37:17 DEBUG PackageRelationshipCollection.parseRelationshipsPart - [PackageRelationshipCollection] Parsing relationship: /xl/worksheets/_rels/sheet1.xml.rels
2025-05-22 19:37:17 DEBUG PackageRelationshipCollection.parseRelationshipsPart - [PackageRelationshipCollection] Parsing relationship: /_rels/.rels
2025-05-22 19:37:17 DEBUG PackageRelationshipCollection.parseRelationshipsPart - [PackageRelationshipCollection] Parsing relationship: /xl/_rels/workbook.xml.rels
2025-05-22 19:37:17 DEBUG PackageRelationshipCollection.parseRelationshipsPart - [PackageRelationshipCollection] Parsing relationship: /xl/worksheets/_rels/sheet1.xml.rels
2025-05-22 19:37:17 DEBUG PackageRelationshipCollection.parseRelationshipsPart - [PackageRelationshipCollection] Parsing relationship: /_rels/.rels
2025-05-22 19:37:17 DEBUG PackageRelationshipCollection.parseRelationshipsPart - [PackageRelationshipCollection] Parsing relationship: /xl/_rels/workbook.xml.rels
2025-05-22 19:37:17 DEBUG PackageRelationshipCollection.parseRelationshipsPart - [PackageRelationshipCollection] Parsing relationship: /xl/worksheets/_rels/sheet1.xml.rels
2025-05-22 19:37:17 DEBUG PackageRelationshipCollection.parseRelationshipsPart - [PackageRelationshipCollection] Parsing relationship: /_rels/.rels
2025-05-22 19:37:17 DEBUG PackageRelationshipCollection.parseRelationshipsPart - [PackageRelationshipCollection] Parsing relationship: /xl/_rels/workbook.xml.rels
2025-05-22 19:37:17 DEBUG PackageRelationshipCollection.parseRelationshipsPart - [PackageRelationshipCollection] Parsing relationship: /xl/worksheets/_rels/sheet1.xml.rels
2025-05-22 19:37:17 DEBUG PackageRelationshipCollection.parseRelationshipsPart - [PackageRelationshipCollection] Parsing relationship: /_rels/.rels
2025-05-22 19:37:17 DEBUG PackageRelationshipCollection.parseRelationshipsPart - [PackageRelationshipCollection] Parsing relationship: /xl/_rels/workbook.xml.rels
2025-05-22 19:37:17 DEBUG PackageRelationshipCollection.parseRelationshipsPart - [PackageRelationshipCollection] Parsing relationship: /xl/worksheets/_rels/sheet1.xml.rels
2025-05-22 19:37:17 DEBUG PackageRelationshipCollection.parseRelationshipsPart - [PackageRelationshipCollection] Parsing relationship: /_rels/.rels
2025-05-22 19:37:17 DEBUG PackageRelationshipCollection.parseRelationshipsPart - [PackageRelationshipCollection] Parsing relationship: /xl/_rels/workbook.xml.rels
2025-05-22 19:37:17 DEBUG PackageRelationshipCollection.parseRelationshipsPart - [PackageRelationshipCollection] Parsing relationship: /xl/worksheets/_rels/sheet1.xml.rels
2025-05-22 19:37:17 DEBUG PackageRelationshipCollection.parseRelationshipsPart - [PackageRelationshipCollection] Parsing relationship: /_rels/.rels
2025-05-22 19:37:17 DEBUG PackageRelationshipCollection.parseRelationshipsPart - [PackageRelationshipCollection] Parsing relationship: /xl/_rels/workbook.xml.rels
2025-05-22 19:37:17 DEBUG PackageRelationshipCollection.parseRelationshipsPart - [PackageRelationshipCollection] Parsing relationship: /xl/worksheets/_rels/sheet1.xml.rels
2025-05-22 19:37:17 DEBUG PackageRelationshipCollection.parseRelationshipsPart - [PackageRelationshipCollection] Parsing relationship: /_rels/.rels
2025-05-22 19:37:18 DEBUG PackageRelationshipCollection.parseRelationshipsPart - [PackageRelationshipCollection] Parsing relationship: /xl/_rels/workbook.xml.rels
2025-05-22 19:37:18 DEBUG PackageRelationshipCollection.parseRelationshipsPart - [PackageRelationshipCollection] Parsing relationship: /xl/worksheets/_rels/sheet1.xml.rels
2025-05-22 19:37:18 DEBUG PackageRelationshipCollection.parseRelationshipsPart - [PackageRelationshipCollection] Parsing relationship: /_rels/.rels
2025-05-22 19:37:18 DEBUG PackageRelationshipCollection.parseRelationshipsPart - [PackageRelationshipCollection] Parsing relationship: /xl/_rels/workbook.xml.rels
2025-05-22 19:37:18 DEBUG PackageRelationshipCollection.parseRelationshipsPart - [PackageRelationshipCollection] Parsing relationship: /xl/worksheets/_rels/sheet1.xml.rels
2025-05-22 19:37:18 DEBUG PackageRelationshipCollection.parseRelationshipsPart - [PackageRelationshipCollection] Parsing relationship: /_rels/.rels
2025-05-22 19:37:18 DEBUG PackageRelationshipCollection.parseRelationshipsPart - [PackageRelationshipCollection] Parsing relationship: /xl/_rels/workbook.xml.rels
2025-05-22 19:37:18 DEBUG PackageRelationshipCollection.parseRelationshipsPart - [PackageRelationshipCollection] Parsing relationship: /xl/worksheets/_rels/sheet1.xml.rels
2025-05-22 19:37:18 DEBUG PackageRelationshipCollection.parseRelationshipsPart - [PackageRelationshipCollection] Parsing relationship: /_rels/.rels
2025-05-22 19:37:18 DEBUG PackageRelationshipCollection.parseRelationshipsPart - [PackageRelationshipCollection] Parsing relationship: /xl/_rels/workbook.xml.rels
2025-05-22 19:37:18 DEBUG PackageRelationshipCollection.parseRelationshipsPart - [PackageRelationshipCollection] Parsing relationship: /xl/worksheets/_rels/sheet1.xml.rels
2025-05-22 19:37:18 DEBUG PackageRelationshipCollection.parseRelationshipsPart - [PackageRelationshipCollection] Parsing relationship: /_rels/.rels
2025-05-22 19:37:18 DEBUG PackageRelationshipCollection.parseRelationshipsPart - [PackageRelationshipCollection] Parsing relationship: /xl/_rels/workbook.xml.rels
2025-05-22 19:37:18 DEBUG PackageRelationshipCollection.parseRelationshipsPart - [PackageRelationshipCollection] Parsing relationship: /xl/worksheets/_rels/sheet1.xml.rels
2025-05-22 19:37:18 DEBUG PackageRelationshipCollection.parseRelationshipsPart - [PackageRelationshipCollection] Parsing relationship: /_rels/.rels
2025-05-22 19:37:18 DEBUG PackageRelationshipCollection.parseRelationshipsPart - [PackageRelationshipCollection] Parsing relationship: /xl/_rels/workbook.xml.rels
2025-05-22 19:37:18 DEBUG PackageRelationshipCollection.parseRelationshipsPart - [PackageRelationshipCollection] Parsing relationship: /xl/worksheets/_rels/sheet1.xml.rels
2025-05-22 19:37:18 DEBUG PackageRelationshipCollection.parseRelationshipsPart - [PackageRelationshipCollection] Parsing relationship: /_rels/.rels
2025-05-22 19:37:18 DEBUG PackageRelationshipCollection.parseRelationshipsPart - [PackageRelationshipCollection] Parsing relationship: /xl/_rels/workbook.xml.rels
2025-05-22 19:37:18 DEBUG PackageRelationshipCollection.parseRelationshipsPart - [PackageRelationshipCollection] Parsing relationship: /xl/worksheets/_rels/sheet1.xml.rels
2025-05-22 19:37:18 DEBUG PackageRelationshipCollection.parseRelationshipsPart - [PackageRelationshipCollection] Parsing relationship: /_rels/.rels
2025-05-22 19:37:18 DEBUG PackageRelationshipCollection.parseRelationshipsPart - [PackageRelationshipCollection] Parsing relationship: /xl/_rels/workbook.xml.rels
2025-05-22 19:37:18 DEBUG PackageRelationshipCollection.parseRelationshipsPart - [PackageRelationshipCollection] Parsing relationship: /xl/worksheets/_rels/sheet1.xml.rels
2025-05-22 19:37:18 DEBUG PackageRelationshipCollection.parseRelationshipsPart - [PackageRelationshipCollection] Parsing relationship: /_rels/.rels
2025-05-22 19:37:18 DEBUG PackageRelationshipCollection.parseRelationshipsPart - [PackageRelationshipCollection] Parsing relationship: /xl/_rels/workbook.xml.rels
2025-05-22 19:37:18 DEBUG PackageRelationshipCollection.parseRelationshipsPart - [PackageRelationshipCollection] Parsing relationship: /xl/worksheets/_rels/sheet1.xml.rels
2025-05-22 19:37:18 DEBUG PackageRelationshipCollection.parseRelationshipsPart - [PackageRelationshipCollection] Parsing relationship: /_rels/.rels
2025-05-22 19:37:18 DEBUG PackageRelationshipCollection.parseRelationshipsPart - [PackageRelationshipCollection] Parsing relationship: /xl/_rels/workbook.xml.rels
2025-05-22 19:37:18 DEBUG PackageRelationshipCollection.parseRelationshipsPart - [PackageRelationshipCollection] Parsing relationship: /xl/worksheets/_rels/sheet1.xml.rels
2025-05-22 19:37:18 DEBUG PackageRelationshipCollection.parseRelationshipsPart - [PackageRelationshipCollection] Parsing relationship: /_rels/.rels
2025-05-22 19:37:18 DEBUG PackageRelationshipCollection.parseRelationshipsPart - [PackageRelationshipCollection] Parsing relationship: /xl/_rels/workbook.xml.rels
2025-05-22 19:37:18 DEBUG PackageRelationshipCollection.parseRelationshipsPart - [PackageRelationshipCollection] Parsing relationship: /xl/worksheets/_rels/sheet1.xml.rels
2025-05-22 19:37:18 DEBUG PackageRelationshipCollection.parseRelationshipsPart - [PackageRelationshipCollection] Parsing relationship: /_rels/.rels
2025-05-22 19:37:18 DEBUG PackageRelationshipCollection.parseRelationshipsPart - [PackageRelationshipCollection] Parsing relationship: /xl/_rels/workbook.xml.rels
2025-05-22 19:37:18 DEBUG PackageRelationshipCollection.parseRelationshipsPart - [PackageRelationshipCollection] Parsing relationship: /xl/worksheets/_rels/sheet1.xml.rels
2025-05-22 19:37:18 DEBUG PackageRelationshipCollection.parseRelationshipsPart - [PackageRelationshipCollection] Parsing relationship: /_rels/.rels
2025-05-22 19:37:18 DEBUG PackageRelationshipCollection.parseRelationshipsPart - [PackageRelationshipCollection] Parsing relationship: /xl/_rels/workbook.xml.rels
2025-05-22 19:37:18 DEBUG PackageRelationshipCollection.parseRelationshipsPart - [PackageRelationshipCollection] Parsing relationship: /xl/worksheets/_rels/sheet1.xml.rels
2025-05-22 19:37:18 DEBUG PackageRelationshipCollection.parseRelationshipsPart - [PackageRelationshipCollection] Parsing relationship: /_rels/.rels
2025-05-22 19:38:14 INFO  TC001_ValidateRegistration.register - [TC001_ValidateRegistration] Initializing test
2025-05-22 19:38:14 INFO  TC001_ValidateRegistration.register - [TC001_ValidateRegistration] Creating account
2025-05-22 19:38:14 DEBUG TC001_ValidateRegistration.register - [TC001_ValidateRegistration] This is a debug message - should appear in automation.log
2025-05-22 19:38:16 INFO  TC001_ValidateRegistration.register - [TC001_ValidateRegistration] Test Passed
2025-05-22 19:38:26 DEBUG PackageRelationshipCollection.parseRelationshipsPart - [PackageRelationshipCollection] Parsing relationship: /xl/_rels/workbook.xml.rels
2025-05-22 19:38:26 DEBUG PackageRelationshipCollection.parseRelationshipsPart - [PackageRelationshipCollection] Parsing relationship: /xl/worksheets/_rels/sheet1.xml.rels
2025-05-22 19:38:26 DEBUG PackageRelationshipCollection.parseRelationshipsPart - [PackageRelationshipCollection] Parsing relationship: /_rels/.rels
2025-05-22 19:38:27 DEBUG PackageRelationshipCollection.parseRelationshipsPart - [PackageRelationshipCollection] Parsing relationship: /xl/_rels/workbook.xml.rels
2025-05-22 19:38:27 DEBUG PackageRelationshipCollection.parseRelationshipsPart - [PackageRelationshipCollection] Parsing relationship: /xl/worksheets/_rels/sheet1.xml.rels
2025-05-22 19:38:27 DEBUG PackageRelationshipCollection.parseRelationshipsPart - [PackageRelationshipCollection] Parsing relationship: /_rels/.rels
2025-05-22 19:38:27 DEBUG PackageRelationshipCollection.parseRelationshipsPart - [PackageRelationshipCollection] Parsing relationship: /xl/_rels/workbook.xml.rels
2025-05-22 19:38:27 DEBUG PackageRelationshipCollection.parseRelationshipsPart - [PackageRelationshipCollection] Parsing relationship: /xl/worksheets/_rels/sheet1.xml.rels
2025-05-22 19:38:27 DEBUG PackageRelationshipCollection.parseRelationshipsPart - [PackageRelationshipCollection] Parsing relationship: /_rels/.rels
2025-05-22 19:38:27 DEBUG PackageRelationshipCollection.parseRelationshipsPart - [PackageRelationshipCollection] Parsing relationship: /xl/_rels/workbook.xml.rels
2025-05-22 19:38:27 DEBUG PackageRelationshipCollection.parseRelationshipsPart - [PackageRelationshipCollection] Parsing relationship: /xl/worksheets/_rels/sheet1.xml.rels
2025-05-22 19:38:27 DEBUG PackageRelationshipCollection.parseRelationshipsPart - [PackageRelationshipCollection] Parsing relationship: /_rels/.rels
2025-05-22 19:38:27 DEBUG PackageRelationshipCollection.parseRelationshipsPart - [PackageRelationshipCollection] Parsing relationship: /xl/_rels/workbook.xml.rels
2025-05-22 19:38:27 DEBUG PackageRelationshipCollection.parseRelationshipsPart - [PackageRelationshipCollection] Parsing relationship: /xl/worksheets/_rels/sheet1.xml.rels
2025-05-22 19:38:27 DEBUG PackageRelationshipCollection.parseRelationshipsPart - [PackageRelationshipCollection] Parsing relationship: /_rels/.rels
2025-05-22 19:38:27 DEBUG PackageRelationshipCollection.parseRelationshipsPart - [PackageRelationshipCollection] Parsing relationship: /xl/_rels/workbook.xml.rels
2025-05-22 19:38:27 DEBUG PackageRelationshipCollection.parseRelationshipsPart - [PackageRelationshipCollection] Parsing relationship: /xl/worksheets/_rels/sheet1.xml.rels
2025-05-22 19:38:27 DEBUG PackageRelationshipCollection.parseRelationshipsPart - [PackageRelationshipCollection] Parsing relationship: /_rels/.rels
2025-05-22 19:38:27 DEBUG PackageRelationshipCollection.parseRelationshipsPart - [PackageRelationshipCollection] Parsing relationship: /xl/_rels/workbook.xml.rels
2025-05-22 19:38:27 DEBUG PackageRelationshipCollection.parseRelationshipsPart - [PackageRelationshipCollection] Parsing relationship: /xl/worksheets/_rels/sheet1.xml.rels
2025-05-22 19:38:27 DEBUG PackageRelationshipCollection.parseRelationshipsPart - [PackageRelationshipCollection] Parsing relationship: /_rels/.rels
2025-05-22 19:38:27 DEBUG PackageRelationshipCollection.parseRelationshipsPart - [PackageRelationshipCollection] Parsing relationship: /xl/_rels/workbook.xml.rels
2025-05-22 19:38:27 DEBUG PackageRelationshipCollection.parseRelationshipsPart - [PackageRelationshipCollection] Parsing relationship: /xl/worksheets/_rels/sheet1.xml.rels
2025-05-22 19:38:27 DEBUG PackageRelationshipCollection.parseRelationshipsPart - [PackageRelationshipCollection] Parsing relationship: /_rels/.rels
2025-05-22 19:38:27 DEBUG PackageRelationshipCollection.parseRelationshipsPart - [PackageRelationshipCollection] Parsing relationship: /xl/_rels/workbook.xml.rels
2025-05-22 19:38:27 DEBUG PackageRelationshipCollection.parseRelationshipsPart - [PackageRelationshipCollection] Parsing relationship: /xl/worksheets/_rels/sheet1.xml.rels
2025-05-22 19:38:27 DEBUG PackageRelationshipCollection.parseRelationshipsPart - [PackageRelationshipCollection] Parsing relationship: /_rels/.rels
2025-05-22 19:38:27 DEBUG PackageRelationshipCollection.parseRelationshipsPart - [PackageRelationshipCollection] Parsing relationship: /xl/_rels/workbook.xml.rels
2025-05-22 19:38:27 DEBUG PackageRelationshipCollection.parseRelationshipsPart - [PackageRelationshipCollection] Parsing relationship: /xl/worksheets/_rels/sheet1.xml.rels
2025-05-22 19:38:27 DEBUG PackageRelationshipCollection.parseRelationshipsPart - [PackageRelationshipCollection] Parsing relationship: /_rels/.rels
2025-05-22 19:38:27 DEBUG PackageRelationshipCollection.parseRelationshipsPart - [PackageRelationshipCollection] Parsing relationship: /xl/_rels/workbook.xml.rels
2025-05-22 19:38:27 DEBUG PackageRelationshipCollection.parseRelationshipsPart - [PackageRelationshipCollection] Parsing relationship: /xl/worksheets/_rels/sheet1.xml.rels
2025-05-22 19:38:27 DEBUG PackageRelationshipCollection.parseRelationshipsPart - [PackageRelationshipCollection] Parsing relationship: /_rels/.rels
2025-05-22 19:38:27 DEBUG PackageRelationshipCollection.parseRelationshipsPart - [PackageRelationshipCollection] Parsing relationship: /xl/_rels/workbook.xml.rels
2025-05-22 19:38:27 DEBUG PackageRelationshipCollection.parseRelationshipsPart - [PackageRelationshipCollection] Parsing relationship: /xl/worksheets/_rels/sheet1.xml.rels
2025-05-22 19:38:27 DEBUG PackageRelationshipCollection.parseRelationshipsPart - [PackageRelationshipCollection] Parsing relationship: /_rels/.rels
2025-05-22 19:38:27 DEBUG PackageRelationshipCollection.parseRelationshipsPart - [PackageRelationshipCollection] Parsing relationship: /xl/_rels/workbook.xml.rels
2025-05-22 19:38:27 DEBUG PackageRelationshipCollection.parseRelationshipsPart - [PackageRelationshipCollection] Parsing relationship: /xl/worksheets/_rels/sheet1.xml.rels
2025-05-22 19:38:27 DEBUG PackageRelationshipCollection.parseRelationshipsPart - [PackageRelationshipCollection] Parsing relationship: /_rels/.rels
2025-05-22 19:38:27 DEBUG PackageRelationshipCollection.parseRelationshipsPart - [PackageRelationshipCollection] Parsing relationship: /xl/_rels/workbook.xml.rels
2025-05-22 19:38:27 DEBUG PackageRelationshipCollection.parseRelationshipsPart - [PackageRelationshipCollection] Parsing relationship: /xl/worksheets/_rels/sheet1.xml.rels
2025-05-22 19:38:27 DEBUG PackageRelationshipCollection.parseRelationshipsPart - [PackageRelationshipCollection] Parsing relationship: /_rels/.rels
2025-05-22 19:38:27 DEBUG PackageRelationshipCollection.parseRelationshipsPart - [PackageRelationshipCollection] Parsing relationship: /xl/_rels/workbook.xml.rels
2025-05-22 19:38:27 DEBUG PackageRelationshipCollection.parseRelationshipsPart - [PackageRelationshipCollection] Parsing relationship: /xl/worksheets/_rels/sheet1.xml.rels
2025-05-22 19:38:27 DEBUG PackageRelationshipCollection.parseRelationshipsPart - [PackageRelationshipCollection] Parsing relationship: /_rels/.rels
2025-05-22 19:38:27 DEBUG PackageRelationshipCollection.parseRelationshipsPart - [PackageRelationshipCollection] Parsing relationship: /xl/_rels/workbook.xml.rels
2025-05-22 19:38:27 DEBUG PackageRelationshipCollection.parseRelationshipsPart - [PackageRelationshipCollection] Parsing relationship: /xl/worksheets/_rels/sheet1.xml.rels
2025-05-22 19:38:27 DEBUG PackageRelationshipCollection.parseRelationshipsPart - [PackageRelationshipCollection] Parsing relationship: /_rels/.rels
2025-05-22 19:38:27 DEBUG PackageRelationshipCollection.parseRelationshipsPart - [PackageRelationshipCollection] Parsing relationship: /xl/_rels/workbook.xml.rels
2025-05-22 19:38:27 DEBUG PackageRelationshipCollection.parseRelationshipsPart - [PackageRelationshipCollection] Parsing relationship: /xl/worksheets/_rels/sheet1.xml.rels
2025-05-22 19:38:27 DEBUG PackageRelationshipCollection.parseRelationshipsPart - [PackageRelationshipCollection] Parsing relationship: /_rels/.rels
2025-05-22 19:38:27 DEBUG PackageRelationshipCollection.parseRelationshipsPart - [PackageRelationshipCollection] Parsing relationship: /xl/_rels/workbook.xml.rels
2025-05-22 19:38:27 DEBUG PackageRelationshipCollection.parseRelationshipsPart - [PackageRelationshipCollection] Parsing relationship: /xl/worksheets/_rels/sheet1.xml.rels
2025-05-22 19:38:27 DEBUG PackageRelationshipCollection.parseRelationshipsPart - [PackageRelationshipCollection] Parsing relationship: /_rels/.rels
2025-05-22 19:38:27 DEBUG PackageRelationshipCollection.parseRelationshipsPart - [PackageRelationshipCollection] Parsing relationship: /xl/_rels/workbook.xml.rels
2025-05-22 19:38:27 DEBUG PackageRelationshipCollection.parseRelationshipsPart - [PackageRelationshipCollection] Parsing relationship: /xl/worksheets/_rels/sheet1.xml.rels
2025-05-22 19:38:27 DEBUG PackageRelationshipCollection.parseRelationshipsPart - [PackageRelationshipCollection] Parsing relationship: /_rels/.rels
2025-05-22 19:38:27 DEBUG PackageRelationshipCollection.parseRelationshipsPart - [PackageRelationshipCollection] Parsing relationship: /xl/_rels/workbook.xml.rels
2025-05-22 19:38:27 DEBUG PackageRelationshipCollection.parseRelationshipsPart - [PackageRelationshipCollection] Parsing relationship: /xl/worksheets/_rels/sheet1.xml.rels
2025-05-22 19:38:27 DEBUG PackageRelationshipCollection.parseRelationshipsPart - [PackageRelationshipCollection] Parsing relationship: /_rels/.rels
2025-05-22 19:38:27 DEBUG PackageRelationshipCollection.parseRelationshipsPart - [PackageRelationshipCollection] Parsing relationship: /xl/_rels/workbook.xml.rels
2025-05-22 19:38:27 DEBUG PackageRelationshipCollection.parseRelationshipsPart - [PackageRelationshipCollection] Parsing relationship: /xl/worksheets/_rels/sheet1.xml.rels
2025-05-22 19:38:27 DEBUG PackageRelationshipCollection.parseRelationshipsPart - [PackageRelationshipCollection] Parsing relationship: /_rels/.rels
2025-05-22 19:38:27 DEBUG PackageRelationshipCollection.parseRelationshipsPart - [PackageRelationshipCollection] Parsing relationship: /xl/_rels/workbook.xml.rels
2025-05-22 19:38:27 DEBUG PackageRelationshipCollection.parseRelationshipsPart - [PackageRelationshipCollection] Parsing relationship: /xl/worksheets/_rels/sheet1.xml.rels
2025-05-22 19:38:27 DEBUG PackageRelationshipCollection.parseRelationshipsPart - [PackageRelationshipCollection] Parsing relationship: /_rels/.rels
2025-05-22 19:38:27 DEBUG PackageRelationshipCollection.parseRelationshipsPart - [PackageRelationshipCollection] Parsing relationship: /xl/_rels/workbook.xml.rels
2025-05-22 19:38:27 DEBUG PackageRelationshipCollection.parseRelationshipsPart - [PackageRelationshipCollection] Parsing relationship: /xl/worksheets/_rels/sheet1.xml.rels
2025-05-22 19:38:27 DEBUG PackageRelationshipCollection.parseRelationshipsPart - [PackageRelationshipCollection] Parsing relationship: /_rels/.rels
2025-05-22 19:39:12 INFO  TC001_ValidateRegistration.register - [TC001_ValidateRegistration] Initializing test
2025-05-22 19:39:12 INFO  TC001_ValidateRegistration.register - [TC001_ValidateRegistration] Creating account
2025-05-22 19:39:12 DEBUG TC001_ValidateRegistration.register - [TC001_ValidateRegistration] This is a debug message - should appear in automation.log
2025-05-22 19:39:13 INFO  TC001_ValidateRegistration.register - [TC001_ValidateRegistration] Test Passed
2025-05-22 19:39:23 DEBUG PackageRelationshipCollection.parseRelationshipsPart - [PackageRelationshipCollection] Parsing relationship: /xl/_rels/workbook.xml.rels
2025-05-22 19:39:23 DEBUG PackageRelationshipCollection.parseRelationshipsPart - [PackageRelationshipCollection] Parsing relationship: /xl/worksheets/_rels/sheet1.xml.rels
2025-05-22 19:39:23 DEBUG PackageRelationshipCollection.parseRelationshipsPart - [PackageRelationshipCollection] Parsing relationship: /_rels/.rels
2025-05-22 19:39:24 DEBUG PackageRelationshipCollection.parseRelationshipsPart - [PackageRelationshipCollection] Parsing relationship: /xl/_rels/workbook.xml.rels
2025-05-22 19:39:24 DEBUG PackageRelationshipCollection.parseRelationshipsPart - [PackageRelationshipCollection] Parsing relationship: /xl/worksheets/_rels/sheet1.xml.rels
2025-05-22 19:39:24 DEBUG PackageRelationshipCollection.parseRelationshipsPart - [PackageRelationshipCollection] Parsing relationship: /_rels/.rels
2025-05-22 19:39:24 DEBUG PackageRelationshipCollection.parseRelationshipsPart - [PackageRelationshipCollection] Parsing relationship: /xl/_rels/workbook.xml.rels
2025-05-22 19:39:24 DEBUG PackageRelationshipCollection.parseRelationshipsPart - [PackageRelationshipCollection] Parsing relationship: /xl/worksheets/_rels/sheet1.xml.rels
2025-05-22 19:39:24 DEBUG PackageRelationshipCollection.parseRelationshipsPart - [PackageRelationshipCollection] Parsing relationship: /_rels/.rels
2025-05-22 19:39:24 DEBUG PackageRelationshipCollection.parseRelationshipsPart - [PackageRelationshipCollection] Parsing relationship: /xl/_rels/workbook.xml.rels
2025-05-22 19:39:24 DEBUG PackageRelationshipCollection.parseRelationshipsPart - [PackageRelationshipCollection] Parsing relationship: /xl/worksheets/_rels/sheet1.xml.rels
2025-05-22 19:39:24 DEBUG PackageRelationshipCollection.parseRelationshipsPart - [PackageRelationshipCollection] Parsing relationship: /_rels/.rels
2025-05-22 19:39:24 DEBUG PackageRelationshipCollection.parseRelationshipsPart - [PackageRelationshipCollection] Parsing relationship: /xl/_rels/workbook.xml.rels
2025-05-22 19:39:24 DEBUG PackageRelationshipCollection.parseRelationshipsPart - [PackageRelationshipCollection] Parsing relationship: /xl/worksheets/_rels/sheet1.xml.rels
2025-05-22 19:39:24 DEBUG PackageRelationshipCollection.parseRelationshipsPart - [PackageRelationshipCollection] Parsing relationship: /_rels/.rels
2025-05-22 19:39:24 DEBUG PackageRelationshipCollection.parseRelationshipsPart - [PackageRelationshipCollection] Parsing relationship: /xl/_rels/workbook.xml.rels
2025-05-22 19:39:24 DEBUG PackageRelationshipCollection.parseRelationshipsPart - [PackageRelationshipCollection] Parsing relationship: /xl/worksheets/_rels/sheet1.xml.rels
2025-05-22 19:39:24 DEBUG PackageRelationshipCollection.parseRelationshipsPart - [PackageRelationshipCollection] Parsing relationship: /_rels/.rels
2025-05-22 19:39:24 DEBUG PackageRelationshipCollection.parseRelationshipsPart - [PackageRelationshipCollection] Parsing relationship: /xl/_rels/workbook.xml.rels
2025-05-22 19:39:24 DEBUG PackageRelationshipCollection.parseRelationshipsPart - [PackageRelationshipCollection] Parsing relationship: /xl/worksheets/_rels/sheet1.xml.rels
2025-05-22 19:39:24 DEBUG PackageRelationshipCollection.parseRelationshipsPart - [PackageRelationshipCollection] Parsing relationship: /_rels/.rels
2025-05-22 19:39:24 DEBUG PackageRelationshipCollection.parseRelationshipsPart - [PackageRelationshipCollection] Parsing relationship: /xl/_rels/workbook.xml.rels
2025-05-22 19:39:24 DEBUG PackageRelationshipCollection.parseRelationshipsPart - [PackageRelationshipCollection] Parsing relationship: /xl/worksheets/_rels/sheet1.xml.rels
2025-05-22 19:39:24 DEBUG PackageRelationshipCollection.parseRelationshipsPart - [PackageRelationshipCollection] Parsing relationship: /_rels/.rels
2025-05-22 19:39:24 DEBUG PackageRelationshipCollection.parseRelationshipsPart - [PackageRelationshipCollection] Parsing relationship: /xl/_rels/workbook.xml.rels
2025-05-22 19:39:24 DEBUG PackageRelationshipCollection.parseRelationshipsPart - [PackageRelationshipCollection] Parsing relationship: /xl/worksheets/_rels/sheet1.xml.rels
2025-05-22 19:39:24 DEBUG PackageRelationshipCollection.parseRelationshipsPart - [PackageRelationshipCollection] Parsing relationship: /_rels/.rels
2025-05-22 19:39:24 DEBUG PackageRelationshipCollection.parseRelationshipsPart - [PackageRelationshipCollection] Parsing relationship: /xl/_rels/workbook.xml.rels
2025-05-22 19:39:24 DEBUG PackageRelationshipCollection.parseRelationshipsPart - [PackageRelationshipCollection] Parsing relationship: /xl/worksheets/_rels/sheet1.xml.rels
2025-05-22 19:39:24 DEBUG PackageRelationshipCollection.parseRelationshipsPart - [PackageRelationshipCollection] Parsing relationship: /_rels/.rels
2025-05-22 19:39:24 DEBUG PackageRelationshipCollection.parseRelationshipsPart - [PackageRelationshipCollection] Parsing relationship: /xl/_rels/workbook.xml.rels
2025-05-22 19:39:24 DEBUG PackageRelationshipCollection.parseRelationshipsPart - [PackageRelationshipCollection] Parsing relationship: /xl/worksheets/_rels/sheet1.xml.rels
2025-05-22 19:39:24 DEBUG PackageRelationshipCollection.parseRelationshipsPart - [PackageRelationshipCollection] Parsing relationship: /_rels/.rels
2025-05-22 19:39:24 DEBUG PackageRelationshipCollection.parseRelationshipsPart - [PackageRelationshipCollection] Parsing relationship: /xl/_rels/workbook.xml.rels
2025-05-22 19:39:24 DEBUG PackageRelationshipCollection.parseRelationshipsPart - [PackageRelationshipCollection] Parsing relationship: /xl/worksheets/_rels/sheet1.xml.rels
2025-05-22 19:39:24 DEBUG PackageRelationshipCollection.parseRelationshipsPart - [PackageRelationshipCollection] Parsing relationship: /_rels/.rels
2025-05-22 19:39:24 DEBUG PackageRelationshipCollection.parseRelationshipsPart - [PackageRelationshipCollection] Parsing relationship: /xl/_rels/workbook.xml.rels
2025-05-22 19:39:24 DEBUG PackageRelationshipCollection.parseRelationshipsPart - [PackageRelationshipCollection] Parsing relationship: /xl/worksheets/_rels/sheet1.xml.rels
2025-05-22 19:39:24 DEBUG PackageRelationshipCollection.parseRelationshipsPart - [PackageRelationshipCollection] Parsing relationship: /_rels/.rels
2025-05-22 19:39:24 DEBUG PackageRelationshipCollection.parseRelationshipsPart - [PackageRelationshipCollection] Parsing relationship: /xl/_rels/workbook.xml.rels
2025-05-22 19:39:24 DEBUG PackageRelationshipCollection.parseRelationshipsPart - [PackageRelationshipCollection] Parsing relationship: /xl/worksheets/_rels/sheet1.xml.rels
2025-05-22 19:39:24 DEBUG PackageRelationshipCollection.parseRelationshipsPart - [PackageRelationshipCollection] Parsing relationship: /_rels/.rels
2025-05-22 19:39:25 DEBUG PackageRelationshipCollection.parseRelationshipsPart - [PackageRelationshipCollection] Parsing relationship: /xl/_rels/workbook.xml.rels
2025-05-22 19:39:25 DEBUG PackageRelationshipCollection.parseRelationshipsPart - [PackageRelationshipCollection] Parsing relationship: /xl/worksheets/_rels/sheet1.xml.rels
2025-05-22 19:39:25 DEBUG PackageRelationshipCollection.parseRelationshipsPart - [PackageRelationshipCollection] Parsing relationship: /_rels/.rels
2025-05-22 19:39:25 DEBUG PackageRelationshipCollection.parseRelationshipsPart - [PackageRelationshipCollection] Parsing relationship: /xl/_rels/workbook.xml.rels
2025-05-22 19:39:25 DEBUG PackageRelationshipCollection.parseRelationshipsPart - [PackageRelationshipCollection] Parsing relationship: /xl/worksheets/_rels/sheet1.xml.rels
2025-05-22 19:39:25 DEBUG PackageRelationshipCollection.parseRelationshipsPart - [PackageRelationshipCollection] Parsing relationship: /_rels/.rels
2025-05-22 19:39:25 DEBUG PackageRelationshipCollection.parseRelationshipsPart - [PackageRelationshipCollection] Parsing relationship: /xl/_rels/workbook.xml.rels
2025-05-22 19:39:25 DEBUG PackageRelationshipCollection.parseRelationshipsPart - [PackageRelationshipCollection] Parsing relationship: /xl/worksheets/_rels/sheet1.xml.rels
2025-05-22 19:39:25 DEBUG PackageRelationshipCollection.parseRelationshipsPart - [PackageRelationshipCollection] Parsing relationship: /_rels/.rels
2025-05-22 19:39:25 DEBUG PackageRelationshipCollection.parseRelationshipsPart - [PackageRelationshipCollection] Parsing relationship: /xl/_rels/workbook.xml.rels
2025-05-22 19:39:25 DEBUG PackageRelationshipCollection.parseRelationshipsPart - [PackageRelationshipCollection] Parsing relationship: /xl/worksheets/_rels/sheet1.xml.rels
2025-05-22 19:39:25 DEBUG PackageRelationshipCollection.parseRelationshipsPart - [PackageRelationshipCollection] Parsing relationship: /_rels/.rels
2025-05-22 19:39:25 DEBUG PackageRelationshipCollection.parseRelationshipsPart - [PackageRelationshipCollection] Parsing relationship: /xl/_rels/workbook.xml.rels
2025-05-22 19:39:25 DEBUG PackageRelationshipCollection.parseRelationshipsPart - [PackageRelationshipCollection] Parsing relationship: /xl/worksheets/_rels/sheet1.xml.rels
2025-05-22 19:39:25 DEBUG PackageRelationshipCollection.parseRelationshipsPart - [PackageRelationshipCollection] Parsing relationship: /_rels/.rels
2025-05-22 19:39:25 DEBUG PackageRelationshipCollection.parseRelationshipsPart - [PackageRelationshipCollection] Parsing relationship: /xl/_rels/workbook.xml.rels
2025-05-22 19:39:25 DEBUG PackageRelationshipCollection.parseRelationshipsPart - [PackageRelationshipCollection] Parsing relationship: /xl/worksheets/_rels/sheet1.xml.rels
2025-05-22 19:39:25 DEBUG PackageRelationshipCollection.parseRelationshipsPart - [PackageRelationshipCollection] Parsing relationship: /_rels/.rels
2025-05-22 19:39:25 DEBUG PackageRelationshipCollection.parseRelationshipsPart - [PackageRelationshipCollection] Parsing relationship: /xl/_rels/workbook.xml.rels
2025-05-22 19:39:25 DEBUG PackageRelationshipCollection.parseRelationshipsPart - [PackageRelationshipCollection] Parsing relationship: /xl/worksheets/_rels/sheet1.xml.rels
2025-05-22 19:39:25 DEBUG PackageRelationshipCollection.parseRelationshipsPart - [PackageRelationshipCollection] Parsing relationship: /_rels/.rels
2025-05-22 19:39:25 DEBUG PackageRelationshipCollection.parseRelationshipsPart - [PackageRelationshipCollection] Parsing relationship: /xl/_rels/workbook.xml.rels
2025-05-22 19:39:25 DEBUG PackageRelationshipCollection.parseRelationshipsPart - [PackageRelationshipCollection] Parsing relationship: /xl/worksheets/_rels/sheet1.xml.rels
2025-05-22 19:39:25 DEBUG PackageRelationshipCollection.parseRelationshipsPart - [PackageRelationshipCollection] Parsing relationship: /_rels/.rels
2025-05-22 19:39:25 DEBUG PackageRelationshipCollection.parseRelationshipsPart - [PackageRelationshipCollection] Parsing relationship: /xl/_rels/workbook.xml.rels
2025-05-22 19:39:25 DEBUG PackageRelationshipCollection.parseRelationshipsPart - [PackageRelationshipCollection] Parsing relationship: /xl/worksheets/_rels/sheet1.xml.rels
2025-05-22 19:39:25 DEBUG PackageRelationshipCollection.parseRelationshipsPart - [PackageRelationshipCollection] Parsing relationship: /_rels/.rels
2025-05-22 19:52:08 INFO  TC001_ValidateRegistration.register - [TC001_ValidateRegistration] Initializing test
2025-05-22 19:52:09 INFO  TC001_ValidateRegistration.register - [TC001_ValidateRegistration] Creating account
2025-05-22 19:52:09 DEBUG TC001_ValidateRegistration.register - [TC001_ValidateRegistration] This is a debug message - should appear in automation.log
2025-05-22 19:52:10 INFO  TC001_ValidateRegistration.register - [TC001_ValidateRegistration] Test Passed
2025-05-22 19:52:21 DEBUG PackageRelationshipCollection.parseRelationshipsPart - [PackageRelationshipCollection] Parsing relationship: /xl/_rels/workbook.xml.rels
2025-05-22 19:52:21 DEBUG PackageRelationshipCollection.parseRelationshipsPart - [PackageRelationshipCollection] Parsing relationship: /xl/worksheets/_rels/sheet1.xml.rels
2025-05-22 19:52:21 DEBUG PackageRelationshipCollection.parseRelationshipsPart - [PackageRelationshipCollection] Parsing relationship: /_rels/.rels
2025-05-22 19:52:22 DEBUG PackageRelationshipCollection.parseRelationshipsPart - [PackageRelationshipCollection] Parsing relationship: /xl/_rels/workbook.xml.rels
2025-05-22 19:52:22 DEBUG PackageRelationshipCollection.parseRelationshipsPart - [PackageRelationshipCollection] Parsing relationship: /xl/worksheets/_rels/sheet1.xml.rels
2025-05-22 19:52:22 DEBUG PackageRelationshipCollection.parseRelationshipsPart - [PackageRelationshipCollection] Parsing relationship: /_rels/.rels
2025-05-22 19:52:22 DEBUG PackageRelationshipCollection.parseRelationshipsPart - [PackageRelationshipCollection] Parsing relationship: /xl/_rels/workbook.xml.rels
2025-05-22 19:52:22 DEBUG PackageRelationshipCollection.parseRelationshipsPart - [PackageRelationshipCollection] Parsing relationship: /xl/worksheets/_rels/sheet1.xml.rels
2025-05-22 19:52:22 DEBUG PackageRelationshipCollection.parseRelationshipsPart - [PackageRelationshipCollection] Parsing relationship: /_rels/.rels
2025-05-22 19:52:22 DEBUG PackageRelationshipCollection.parseRelationshipsPart - [PackageRelationshipCollection] Parsing relationship: /xl/_rels/workbook.xml.rels
2025-05-22 19:52:22 DEBUG PackageRelationshipCollection.parseRelationshipsPart - [PackageRelationshipCollection] Parsing relationship: /xl/worksheets/_rels/sheet1.xml.rels
2025-05-22 19:52:22 DEBUG PackageRelationshipCollection.parseRelationshipsPart - [PackageRelationshipCollection] Parsing relationship: /_rels/.rels
2025-05-22 19:52:22 DEBUG PackageRelationshipCollection.parseRelationshipsPart - [PackageRelationshipCollection] Parsing relationship: /xl/_rels/workbook.xml.rels
2025-05-22 19:52:22 DEBUG PackageRelationshipCollection.parseRelationshipsPart - [PackageRelationshipCollection] Parsing relationship: /xl/worksheets/_rels/sheet1.xml.rels
2025-05-22 19:52:22 DEBUG PackageRelationshipCollection.parseRelationshipsPart - [PackageRelationshipCollection] Parsing relationship: /_rels/.rels
2025-05-22 19:52:22 DEBUG PackageRelationshipCollection.parseRelationshipsPart - [PackageRelationshipCollection] Parsing relationship: /xl/_rels/workbook.xml.rels
2025-05-22 19:52:22 DEBUG PackageRelationshipCollection.parseRelationshipsPart - [PackageRelationshipCollection] Parsing relationship: /xl/worksheets/_rels/sheet1.xml.rels
2025-05-22 19:52:22 DEBUG PackageRelationshipCollection.parseRelationshipsPart - [PackageRelationshipCollection] Parsing relationship: /_rels/.rels
2025-05-22 19:52:22 DEBUG PackageRelationshipCollection.parseRelationshipsPart - [PackageRelationshipCollection] Parsing relationship: /xl/_rels/workbook.xml.rels
2025-05-22 19:52:22 DEBUG PackageRelationshipCollection.parseRelationshipsPart - [PackageRelationshipCollection] Parsing relationship: /xl/worksheets/_rels/sheet1.xml.rels
2025-05-22 19:52:22 DEBUG PackageRelationshipCollection.parseRelationshipsPart - [PackageRelationshipCollection] Parsing relationship: /_rels/.rels
2025-05-22 19:52:22 DEBUG PackageRelationshipCollection.parseRelationshipsPart - [PackageRelationshipCollection] Parsing relationship: /xl/_rels/workbook.xml.rels
2025-05-22 19:52:22 DEBUG PackageRelationshipCollection.parseRelationshipsPart - [PackageRelationshipCollection] Parsing relationship: /xl/worksheets/_rels/sheet1.xml.rels
2025-05-22 19:52:22 DEBUG PackageRelationshipCollection.parseRelationshipsPart - [PackageRelationshipCollection] Parsing relationship: /_rels/.rels
2025-05-22 19:52:22 DEBUG PackageRelationshipCollection.parseRelationshipsPart - [PackageRelationshipCollection] Parsing relationship: /xl/_rels/workbook.xml.rels
2025-05-22 19:52:22 DEBUG PackageRelationshipCollection.parseRelationshipsPart - [PackageRelationshipCollection] Parsing relationship: /xl/worksheets/_rels/sheet1.xml.rels
2025-05-22 19:52:22 DEBUG PackageRelationshipCollection.parseRelationshipsPart - [PackageRelationshipCollection] Parsing relationship: /_rels/.rels
2025-05-22 19:52:22 DEBUG PackageRelationshipCollection.parseRelationshipsPart - [PackageRelationshipCollection] Parsing relationship: /xl/_rels/workbook.xml.rels
2025-05-22 19:52:22 DEBUG PackageRelationshipCollection.parseRelationshipsPart - [PackageRelationshipCollection] Parsing relationship: /xl/worksheets/_rels/sheet1.xml.rels
2025-05-22 19:52:22 DEBUG PackageRelationshipCollection.parseRelationshipsPart - [PackageRelationshipCollection] Parsing relationship: /_rels/.rels
2025-05-22 19:52:22 DEBUG PackageRelationshipCollection.parseRelationshipsPart - [PackageRelationshipCollection] Parsing relationship: /xl/_rels/workbook.xml.rels
2025-05-22 19:52:22 DEBUG PackageRelationshipCollection.parseRelationshipsPart - [PackageRelationshipCollection] Parsing relationship: /xl/worksheets/_rels/sheet1.xml.rels
2025-05-22 19:52:22 DEBUG PackageRelationshipCollection.parseRelationshipsPart - [PackageRelationshipCollection] Parsing relationship: /_rels/.rels
2025-05-22 19:52:22 DEBUG PackageRelationshipCollection.parseRelationshipsPart - [PackageRelationshipCollection] Parsing relationship: /xl/_rels/workbook.xml.rels
2025-05-22 19:52:22 DEBUG PackageRelationshipCollection.parseRelationshipsPart - [PackageRelationshipCollection] Parsing relationship: /xl/worksheets/_rels/sheet1.xml.rels
2025-05-22 19:52:22 DEBUG PackageRelationshipCollection.parseRelationshipsPart - [PackageRelationshipCollection] Parsing relationship: /_rels/.rels
2025-05-22 19:52:22 DEBUG PackageRelationshipCollection.parseRelationshipsPart - [PackageRelationshipCollection] Parsing relationship: /xl/_rels/workbook.xml.rels
2025-05-22 19:52:22 DEBUG PackageRelationshipCollection.parseRelationshipsPart - [PackageRelationshipCollection] Parsing relationship: /xl/worksheets/_rels/sheet1.xml.rels
2025-05-22 19:52:22 DEBUG PackageRelationshipCollection.parseRelationshipsPart - [PackageRelationshipCollection] Parsing relationship: /_rels/.rels
2025-05-22 19:52:22 DEBUG PackageRelationshipCollection.parseRelationshipsPart - [PackageRelationshipCollection] Parsing relationship: /xl/_rels/workbook.xml.rels
2025-05-22 19:52:22 DEBUG PackageRelationshipCollection.parseRelationshipsPart - [PackageRelationshipCollection] Parsing relationship: /xl/worksheets/_rels/sheet1.xml.rels
2025-05-22 19:52:22 DEBUG PackageRelationshipCollection.parseRelationshipsPart - [PackageRelationshipCollection] Parsing relationship: /_rels/.rels
2025-05-22 19:52:22 DEBUG PackageRelationshipCollection.parseRelationshipsPart - [PackageRelationshipCollection] Parsing relationship: /xl/_rels/workbook.xml.rels
2025-05-22 19:52:22 DEBUG PackageRelationshipCollection.parseRelationshipsPart - [PackageRelationshipCollection] Parsing relationship: /xl/worksheets/_rels/sheet1.xml.rels
2025-05-22 19:52:22 DEBUG PackageRelationshipCollection.parseRelationshipsPart - [PackageRelationshipCollection] Parsing relationship: /_rels/.rels
2025-05-22 19:52:22 DEBUG PackageRelationshipCollection.parseRelationshipsPart - [PackageRelationshipCollection] Parsing relationship: /xl/_rels/workbook.xml.rels
2025-05-22 19:52:22 DEBUG PackageRelationshipCollection.parseRelationshipsPart - [PackageRelationshipCollection] Parsing relationship: /xl/worksheets/_rels/sheet1.xml.rels
2025-05-22 19:52:22 DEBUG PackageRelationshipCollection.parseRelationshipsPart - [PackageRelationshipCollection] Parsing relationship: /_rels/.rels
2025-05-22 19:52:22 DEBUG PackageRelationshipCollection.parseRelationshipsPart - [PackageRelationshipCollection] Parsing relationship: /xl/_rels/workbook.xml.rels
2025-05-22 19:52:22 DEBUG PackageRelationshipCollection.parseRelationshipsPart - [PackageRelationshipCollection] Parsing relationship: /xl/worksheets/_rels/sheet1.xml.rels
2025-05-22 19:52:22 DEBUG PackageRelationshipCollection.parseRelationshipsPart - [PackageRelationshipCollection] Parsing relationship: /_rels/.rels
2025-05-22 19:52:22 DEBUG PackageRelationshipCollection.parseRelationshipsPart - [PackageRelationshipCollection] Parsing relationship: /xl/_rels/workbook.xml.rels
2025-05-22 19:52:22 DEBUG PackageRelationshipCollection.parseRelationshipsPart - [PackageRelationshipCollection] Parsing relationship: /xl/worksheets/_rels/sheet1.xml.rels
2025-05-22 19:52:22 DEBUG PackageRelationshipCollection.parseRelationshipsPart - [PackageRelationshipCollection] Parsing relationship: /_rels/.rels
2025-05-22 19:52:22 DEBUG PackageRelationshipCollection.parseRelationshipsPart - [PackageRelationshipCollection] Parsing relationship: /xl/_rels/workbook.xml.rels
2025-05-22 19:52:22 DEBUG PackageRelationshipCollection.parseRelationshipsPart - [PackageRelationshipCollection] Parsing relationship: /xl/worksheets/_rels/sheet1.xml.rels
2025-05-22 19:52:22 DEBUG PackageRelationshipCollection.parseRelationshipsPart - [PackageRelationshipCollection] Parsing relationship: /_rels/.rels
2025-05-22 19:52:23 DEBUG PackageRelationshipCollection.parseRelationshipsPart - [PackageRelationshipCollection] Parsing relationship: /xl/_rels/workbook.xml.rels
2025-05-22 19:52:23 DEBUG PackageRelationshipCollection.parseRelationshipsPart - [PackageRelationshipCollection] Parsing relationship: /xl/worksheets/_rels/sheet1.xml.rels
2025-05-22 19:52:23 DEBUG PackageRelationshipCollection.parseRelationshipsPart - [PackageRelationshipCollection] Parsing relationship: /_rels/.rels
2025-05-22 19:52:23 DEBUG PackageRelationshipCollection.parseRelationshipsPart - [PackageRelationshipCollection] Parsing relationship: /xl/_rels/workbook.xml.rels
2025-05-22 19:52:23 DEBUG PackageRelationshipCollection.parseRelationshipsPart - [PackageRelationshipCollection] Parsing relationship: /xl/worksheets/_rels/sheet1.xml.rels
2025-05-22 19:52:23 DEBUG PackageRelationshipCollection.parseRelationshipsPart - [PackageRelationshipCollection] Parsing relationship: /_rels/.rels
2025-05-22 19:52:23 DEBUG PackageRelationshipCollection.parseRelationshipsPart - [PackageRelationshipCollection] Parsing relationship: /xl/_rels/workbook.xml.rels
2025-05-22 19:52:23 DEBUG PackageRelationshipCollection.parseRelationshipsPart - [PackageRelationshipCollection] Parsing relationship: /xl/worksheets/_rels/sheet1.xml.rels
2025-05-22 19:52:23 DEBUG PackageRelationshipCollection.parseRelationshipsPart - [PackageRelationshipCollection] Parsing relationship: /_rels/.rels
2025-05-22 19:52:23 DEBUG PackageRelationshipCollection.parseRelationshipsPart - [PackageRelationshipCollection] Parsing relationship: /xl/_rels/workbook.xml.rels
2025-05-22 19:52:23 DEBUG PackageRelationshipCollection.parseRelationshipsPart - [PackageRelationshipCollection] Parsing relationship: /xl/worksheets/_rels/sheet1.xml.rels
2025-05-22 19:52:23 DEBUG PackageRelationshipCollection.parseRelationshipsPart - [PackageRelationshipCollection] Parsing relationship: /_rels/.rels
2025-05-22 19:57:02 INFO  TC001_ValidateRegistration.register - [TC001_ValidateRegistration] Initializing test
2025-05-22 19:57:03 INFO  TC001_ValidateRegistration.register - [TC001_ValidateRegistration] Creating account
2025-05-22 19:57:03 DEBUG TC001_ValidateRegistration.register - [TC001_ValidateRegistration] This is a debug message - should appear in automation.log
2025-05-22 19:57:04 INFO  TC001_ValidateRegistration.register - [TC001_ValidateRegistration] Test Passed
2025-05-22 19:57:14 DEBUG PackageRelationshipCollection.parseRelationshipsPart - [PackageRelationshipCollection] Parsing relationship: /xl/_rels/workbook.xml.rels
2025-05-22 19:57:14 DEBUG PackageRelationshipCollection.parseRelationshipsPart - [PackageRelationshipCollection] Parsing relationship: /xl/worksheets/_rels/sheet1.xml.rels
2025-05-22 19:57:14 DEBUG PackageRelationshipCollection.parseRelationshipsPart - [PackageRelationshipCollection] Parsing relationship: /_rels/.rels
2025-05-22 19:57:14 DEBUG PackageRelationshipCollection.parseRelationshipsPart - [PackageRelationshipCollection] Parsing relationship: /xl/_rels/workbook.xml.rels
2025-05-22 19:57:14 DEBUG PackageRelationshipCollection.parseRelationshipsPart - [PackageRelationshipCollection] Parsing relationship: /xl/worksheets/_rels/sheet1.xml.rels
2025-05-22 19:57:14 DEBUG PackageRelationshipCollection.parseRelationshipsPart - [PackageRelationshipCollection] Parsing relationship: /_rels/.rels
2025-05-22 19:57:14 DEBUG PackageRelationshipCollection.parseRelationshipsPart - [PackageRelationshipCollection] Parsing relationship: /xl/_rels/workbook.xml.rels
2025-05-22 19:57:14 DEBUG PackageRelationshipCollection.parseRelationshipsPart - [PackageRelationshipCollection] Parsing relationship: /xl/worksheets/_rels/sheet1.xml.rels
2025-05-22 19:57:14 DEBUG PackageRelationshipCollection.parseRelationshipsPart - [PackageRelationshipCollection] Parsing relationship: /_rels/.rels
2025-05-22 19:57:14 DEBUG PackageRelationshipCollection.parseRelationshipsPart - [PackageRelationshipCollection] Parsing relationship: /xl/_rels/workbook.xml.rels
2025-05-22 19:57:14 DEBUG PackageRelationshipCollection.parseRelationshipsPart - [PackageRelationshipCollection] Parsing relationship: /xl/worksheets/_rels/sheet1.xml.rels
2025-05-22 19:57:14 DEBUG PackageRelationshipCollection.parseRelationshipsPart - [PackageRelationshipCollection] Parsing relationship: /_rels/.rels
2025-05-22 19:57:14 DEBUG PackageRelationshipCollection.parseRelationshipsPart - [PackageRelationshipCollection] Parsing relationship: /xl/_rels/workbook.xml.rels
2025-05-22 19:57:14 DEBUG PackageRelationshipCollection.parseRelationshipsPart - [PackageRelationshipCollection] Parsing relationship: /xl/worksheets/_rels/sheet1.xml.rels
2025-05-22 19:57:14 DEBUG PackageRelationshipCollection.parseRelationshipsPart - [PackageRelationshipCollection] Parsing relationship: /_rels/.rels
2025-05-22 19:57:14 DEBUG PackageRelationshipCollection.parseRelationshipsPart - [PackageRelationshipCollection] Parsing relationship: /xl/_rels/workbook.xml.rels
2025-05-22 19:57:14 DEBUG PackageRelationshipCollection.parseRelationshipsPart - [PackageRelationshipCollection] Parsing relationship: /xl/worksheets/_rels/sheet1.xml.rels
2025-05-22 19:57:14 DEBUG PackageRelationshipCollection.parseRelationshipsPart - [PackageRelationshipCollection] Parsing relationship: /_rels/.rels
2025-05-22 19:57:15 DEBUG PackageRelationshipCollection.parseRelationshipsPart - [PackageRelationshipCollection] Parsing relationship: /xl/_rels/workbook.xml.rels
2025-05-22 19:57:15 DEBUG PackageRelationshipCollection.parseRelationshipsPart - [PackageRelationshipCollection] Parsing relationship: /xl/worksheets/_rels/sheet1.xml.rels
2025-05-22 19:57:15 DEBUG PackageRelationshipCollection.parseRelationshipsPart - [PackageRelationshipCollection] Parsing relationship: /_rels/.rels
2025-05-22 19:57:15 DEBUG PackageRelationshipCollection.parseRelationshipsPart - [PackageRelationshipCollection] Parsing relationship: /xl/_rels/workbook.xml.rels
2025-05-22 19:57:15 DEBUG PackageRelationshipCollection.parseRelationshipsPart - [PackageRelationshipCollection] Parsing relationship: /xl/worksheets/_rels/sheet1.xml.rels
2025-05-22 19:57:15 DEBUG PackageRelationshipCollection.parseRelationshipsPart - [PackageRelationshipCollection] Parsing relationship: /_rels/.rels
2025-05-22 19:57:15 DEBUG PackageRelationshipCollection.parseRelationshipsPart - [PackageRelationshipCollection] Parsing relationship: /xl/_rels/workbook.xml.rels
2025-05-22 19:57:15 DEBUG PackageRelationshipCollection.parseRelationshipsPart - [PackageRelationshipCollection] Parsing relationship: /xl/worksheets/_rels/sheet1.xml.rels
2025-05-22 19:57:15 DEBUG PackageRelationshipCollection.parseRelationshipsPart - [PackageRelationshipCollection] Parsing relationship: /_rels/.rels
2025-05-22 19:57:15 DEBUG PackageRelationshipCollection.parseRelationshipsPart - [PackageRelationshipCollection] Parsing relationship: /xl/_rels/workbook.xml.rels
2025-05-22 19:57:15 DEBUG PackageRelationshipCollection.parseRelationshipsPart - [PackageRelationshipCollection] Parsing relationship: /xl/worksheets/_rels/sheet1.xml.rels
2025-05-22 19:57:15 DEBUG PackageRelationshipCollection.parseRelationshipsPart - [PackageRelationshipCollection] Parsing relationship: /_rels/.rels
2025-05-22 19:57:15 DEBUG PackageRelationshipCollection.parseRelationshipsPart - [PackageRelationshipCollection] Parsing relationship: /xl/_rels/workbook.xml.rels
2025-05-22 19:57:15 DEBUG PackageRelationshipCollection.parseRelationshipsPart - [PackageRelationshipCollection] Parsing relationship: /xl/worksheets/_rels/sheet1.xml.rels
2025-05-22 19:57:15 DEBUG PackageRelationshipCollection.parseRelationshipsPart - [PackageRelationshipCollection] Parsing relationship: /_rels/.rels
2025-05-22 19:57:15 DEBUG PackageRelationshipCollection.parseRelationshipsPart - [PackageRelationshipCollection] Parsing relationship: /xl/_rels/workbook.xml.rels
2025-05-22 19:57:15 DEBUG PackageRelationshipCollection.parseRelationshipsPart - [PackageRelationshipCollection] Parsing relationship: /xl/worksheets/_rels/sheet1.xml.rels
2025-05-22 19:57:15 DEBUG PackageRelationshipCollection.parseRelationshipsPart - [PackageRelationshipCollection] Parsing relationship: /_rels/.rels
2025-05-22 19:57:15 DEBUG PackageRelationshipCollection.parseRelationshipsPart - [PackageRelationshipCollection] Parsing relationship: /xl/_rels/workbook.xml.rels
2025-05-22 19:57:15 DEBUG PackageRelationshipCollection.parseRelationshipsPart - [PackageRelationshipCollection] Parsing relationship: /xl/worksheets/_rels/sheet1.xml.rels
2025-05-22 19:57:15 DEBUG PackageRelationshipCollection.parseRelationshipsPart - [PackageRelationshipCollection] Parsing relationship: /_rels/.rels
2025-05-22 19:57:15 DEBUG PackageRelationshipCollection.parseRelationshipsPart - [PackageRelationshipCollection] Parsing relationship: /xl/_rels/workbook.xml.rels
2025-05-22 19:57:15 DEBUG PackageRelationshipCollection.parseRelationshipsPart - [PackageRelationshipCollection] Parsing relationship: /xl/worksheets/_rels/sheet1.xml.rels
2025-05-22 19:57:15 DEBUG PackageRelationshipCollection.parseRelationshipsPart - [PackageRelationshipCollection] Parsing relationship: /_rels/.rels
2025-05-22 19:57:15 DEBUG PackageRelationshipCollection.parseRelationshipsPart - [PackageRelationshipCollection] Parsing relationship: /xl/_rels/workbook.xml.rels
2025-05-22 19:57:15 DEBUG PackageRelationshipCollection.parseRelationshipsPart - [PackageRelationshipCollection] Parsing relationship: /xl/worksheets/_rels/sheet1.xml.rels
2025-05-22 19:57:15 DEBUG PackageRelationshipCollection.parseRelationshipsPart - [PackageRelationshipCollection] Parsing relationship: /_rels/.rels
2025-05-22 19:57:15 DEBUG PackageRelationshipCollection.parseRelationshipsPart - [PackageRelationshipCollection] Parsing relationship: /xl/_rels/workbook.xml.rels
2025-05-22 19:57:15 DEBUG PackageRelationshipCollection.parseRelationshipsPart - [PackageRelationshipCollection] Parsing relationship: /xl/worksheets/_rels/sheet1.xml.rels
2025-05-22 19:57:15 DEBUG PackageRelationshipCollection.parseRelationshipsPart - [PackageRelationshipCollection] Parsing relationship: /_rels/.rels
2025-05-22 19:57:15 DEBUG PackageRelationshipCollection.parseRelationshipsPart - [PackageRelationshipCollection] Parsing relationship: /xl/_rels/workbook.xml.rels
2025-05-22 19:57:15 DEBUG PackageRelationshipCollection.parseRelationshipsPart - [PackageRelationshipCollection] Parsing relationship: /xl/worksheets/_rels/sheet1.xml.rels
2025-05-22 19:57:15 DEBUG PackageRelationshipCollection.parseRelationshipsPart - [PackageRelationshipCollection] Parsing relationship: /_rels/.rels
2025-05-22 19:57:15 DEBUG PackageRelationshipCollection.parseRelationshipsPart - [PackageRelationshipCollection] Parsing relationship: /xl/_rels/workbook.xml.rels
2025-05-22 19:57:15 DEBUG PackageRelationshipCollection.parseRelationshipsPart - [PackageRelationshipCollection] Parsing relationship: /xl/worksheets/_rels/sheet1.xml.rels
2025-05-22 19:57:15 DEBUG PackageRelationshipCollection.parseRelationshipsPart - [PackageRelationshipCollection] Parsing relationship: /_rels/.rels
2025-05-22 19:57:15 DEBUG PackageRelationshipCollection.parseRelationshipsPart - [PackageRelationshipCollection] Parsing relationship: /xl/_rels/workbook.xml.rels
2025-05-22 19:57:15 DEBUG PackageRelationshipCollection.parseRelationshipsPart - [PackageRelationshipCollection] Parsing relationship: /xl/worksheets/_rels/sheet1.xml.rels
2025-05-22 19:57:15 DEBUG PackageRelationshipCollection.parseRelationshipsPart - [PackageRelationshipCollection] Parsing relationship: /_rels/.rels
2025-05-22 19:57:15 DEBUG PackageRelationshipCollection.parseRelationshipsPart - [PackageRelationshipCollection] Parsing relationship: /xl/_rels/workbook.xml.rels
2025-05-22 19:57:15 DEBUG PackageRelationshipCollection.parseRelationshipsPart - [PackageRelationshipCollection] Parsing relationship: /xl/worksheets/_rels/sheet1.xml.rels
2025-05-22 19:57:15 DEBUG PackageRelationshipCollection.parseRelationshipsPart - [PackageRelationshipCollection] Parsing relationship: /_rels/.rels
2025-05-22 19:57:15 DEBUG PackageRelationshipCollection.parseRelationshipsPart - [PackageRelationshipCollection] Parsing relationship: /xl/_rels/workbook.xml.rels
2025-05-22 19:57:15 DEBUG PackageRelationshipCollection.parseRelationshipsPart - [PackageRelationshipCollection] Parsing relationship: /xl/worksheets/_rels/sheet1.xml.rels
2025-05-22 19:57:15 DEBUG PackageRelationshipCollection.parseRelationshipsPart - [PackageRelationshipCollection] Parsing relationship: /_rels/.rels
2025-05-22 19:57:15 DEBUG PackageRelationshipCollection.parseRelationshipsPart - [PackageRelationshipCollection] Parsing relationship: /xl/_rels/workbook.xml.rels
2025-05-22 19:57:15 DEBUG PackageRelationshipCollection.parseRelationshipsPart - [PackageRelationshipCollection] Parsing relationship: /xl/worksheets/_rels/sheet1.xml.rels
2025-05-22 19:57:15 DEBUG PackageRelationshipCollection.parseRelationshipsPart - [PackageRelationshipCollection] Parsing relationship: /_rels/.rels
2025-05-22 19:57:15 DEBUG PackageRelationshipCollection.parseRelationshipsPart - [PackageRelationshipCollection] Parsing relationship: /xl/_rels/workbook.xml.rels
2025-05-22 19:57:15 DEBUG PackageRelationshipCollection.parseRelationshipsPart - [PackageRelationshipCollection] Parsing relationship: /xl/worksheets/_rels/sheet1.xml.rels
2025-05-22 19:57:15 DEBUG PackageRelationshipCollection.parseRelationshipsPart - [PackageRelationshipCollection] Parsing relationship: /_rels/.rels
